app/dashboard/tools/page.tsx(31,53): error TS7006: Parameter 't' implicitly has an 'any' type.
scripts/seed-data.ts(110,13): error TS2322: Type '{ userId: any; hobbyId: any; reflection: { create: { beforeState: string; afterState: string; timeSavedMinutes: number; workSimplificationNote: string; } | { beforeState: string; afterState: string; timeSavedMinutes: number; workSimplificationNote: string; }; } | undefined; title: string; type: "SCHOOL"; status: "RE...' is not assignable to type '(Without<ArtifactCreateInput, ArtifactUncheckedCreateInput> & ArtifactUncheckedCreateInput) | (Without<...> & ArtifactCreateInput)'.
  Type '{ userId: any; hobbyId: any; reflection: { create: { beforeState: string; afterState: string; timeSavedMinutes: number; workSimplificationNote: string; } | { beforeState: string; afterState: string; timeSavedMinutes: number; workSimplificationNote: string; }; } | undefined; title: string; type: "SCHOOL"; status: "RE...' is not assignable to type '(Without<ArtifactCreateInput, ArtifactUncheckedCreateInput> & ArtifactUncheckedCreateInput) | (Without<...> & ArtifactCreateInput)'.
    Type '{ userId: any; hobbyId: any; reflection: { create: { beforeState: string; afterState: string; timeSavedMinutes: number; workSimplificationNote: string; } | { beforeState: string; afterState: string; timeSavedMinutes: number; workSimplificationNote: string; }; } | undefined; title: string; type: "SCHOOL"; status: "RE...' is not assignable to type 'Without<ArtifactUncheckedCreateInput, ArtifactCreateInput> & ArtifactCreateInput'.
      Type '{ userId: any; hobbyId: any; reflection: { create: { beforeState: string; afterState: string; timeSavedMinutes: number; workSimplificationNote: string; } | { beforeState: string; afterState: string; timeSavedMinutes: number; workSimplificationNote: string; }; } | undefined; title: string; type: "SCHOOL"; status: "RE...' is missing the following properties from type 'ArtifactCreateInput': problemDescription, goal, user
