app/dashboard/profile/page.tsx(56,48): error TS7006: Parameter 'acc' implicitly has an 'any' type.
app/dashboard/profile/page.tsx(56,53): error TS7006: Parameter 'curr' implicitly has an 'any' type.
app/dashboard/profile/page.tsx(140,57): error TS7006: Parameter 'artifact' implicitly has an 'any' type.
app/dashboard/profile/page.tsx(209,55): error TS7006: Parameter 'hobby' implicitly has an 'any' type.
app/dashboard/team/page.tsx(119,55): error TS7006: Parameter 'art' implicitly has an 'any' type.
app/dashboard/team/page.tsx(119,60): error TS7006: Parameter 'i' implicitly has an 'any' type.
app/dashboard/team/page.tsx(147,52): error TS7006: Parameter 'member' implicitly has an 'any' type.
app/dashboard/team/page.tsx(147,60): error TS7006: Parameter 'i' implicitly has an 'any' type.
app/dashboard/tools/page.tsx(30,53): error TS7006: Parameter 't' implicitly has an 'any' type.
app/dashboard/tools/page.tsx(61,29): error TS2322: Type 'unknown' is not assignable to type 'ReactNode'.
app/dashboard/tools/page.tsx(70,32): error TS7006: Parameter 'tool' implicitly has an 'any' type.
next.config.ts(5,3): error TS2353: Object literal may only specify known properties, and 'eslint' does not exist in type 'NextConfig'.
scripts/seed-data.ts(112,17): error TS2322: Type '{ create: { beforeState: string; afterState: string; timeSaved: number; } | { beforeState: string; afterState: string; timeSaved: number; }; }' is not assignable to type 'ReflectionUncheckedCreateNestedOneWithoutArtifactInput | ReflectionCreateNestedOneWithoutArtifactInput | undefined'.
  Types of property 'create' are incompatible.
    Type '{ beforeState: string; afterState: string; timeSaved: number; } | { beforeState: string; afterState: string; timeSaved: number; }' is not assignable to type '(Without<ReflectionCreateWithoutArtifactInput, ReflectionUncheckedCreateWithoutArtifactInput> & ReflectionUncheckedCreateWithoutArtifactInput) | (Without<...> & ReflectionCreateWithoutArtifactInput) | undefined'.
      Type '{ beforeState: string; afterState: string; timeSaved: number; }' is not assignable to type '(Without<ReflectionCreateWithoutArtifactInput, ReflectionUncheckedCreateWithoutArtifactInput> & ReflectionUncheckedCreateWithoutArtifactInput) | (Without<...> & ReflectionCreateWithoutArtifactInput) | undefined'.
        Type '{ beforeState: string; afterState: string; timeSaved: number; }' is not assignable to type 'Without<ReflectionUncheckedCreateWithoutArtifactInput, ReflectionCreateWithoutArtifactInput> & ReflectionCreateWithoutArtifactInput'.
          Type '{ beforeState: string; afterState: string; timeSaved: number; }' is missing the following properties from type 'ReflectionCreateWithoutArtifactInput': timeSavedMinutes, workSimplificationNote
scripts/seed-users.ts(37,17): error TS2769: No overload matches this call.
  The last overload gave the following error.
    Type '{ email: string; password: string; name: string; role: string; }' is not assignable to type '{ name: string; email: string; password: string; image?: string | undefined; callbackURL?: string | undefined; rememberMe?: boolean | undefined; } & { teamId: string; } & { role?: string | null | undefined; teamId?: string | ... 1 more ... | undefined; }'.
      Property 'teamId' is missing in type '{ email: string; password: string; name: string; role: string; }' but required in type '{ teamId: string; }'.
